[INFO 2020-05-24 18:02:38 CEST][main] com.pokeemu.client.Client:? - Initialized logger in 6 ms
[INFO 2020-05-24 18:02:38 CEST][main] com.pokeemu.client.Client:? - Starting PokeMMO Client. Client revision: 16044
[INFO 2020-05-24 18:02:38 CEST][main] com.pokeemu.client.Client:? - https://pokemmo.eu
[INFO 2020-05-24 18:02:38 CEST][main] f.ain:? - Java Vendor: Oracle Corporation
[INFO 2020-05-24 18:02:38 CEST][main] f.ain:? - Java Version: 1.8.0_251
[INFO 2020-05-24 18:02:38 CEST][main] f.ain:? - Java Home: C:\Program Files\Java\jre1.8.0_251
[INFO 2020-05-24 18:02:38 CEST][main] f.ain:? - Client Home: C:\Users\%OS_USERNAME%\Desktop\PrimeBot\pokemmo\PokeMMO1
[INFO 2020-05-24 18:02:38 CEST][main] f.ain:? - OS name: Windows 8.1
[INFO 2020-05-24 18:02:38 CEST][main] f.ain:? - OS version: 6.3
[INFO 2020-05-24 18:02:38 CEST][main] f.ain:? - OS arch: amd64
[INFO 2020-05-24 18:02:38 CEST][main] f.ain:? - JVM arch: 64
[INFO 2020-05-24 18:02:38 CEST][main] f.ain:? - JVM Runtime: Java(TM) SE Runtime Environment
[INFO 2020-05-24 18:02:38 CEST][main] f.ain:? - JVM version: 25.251-b08
[INFO 2020-05-24 18:02:38 CEST][main] f.ain:? - Max Heap Memory: 455 MB
[INFO 2020-05-24 18:02:38 CEST][main] f.ain:? - Locale: en_US
[INFO 2020-05-24 18:02:38 CEST][main] f.ain:? - File Encoding: Cp1252
[INFO 2020-05-24 18:02:38 CEST][main] f.ain:? - JVM Arguments: -Xms256M -Xmx512M
[INFO 2020-05-24 18:02:38 CEST][main] f.ain:? - Gdx version: 1.9.10
[INFO 2020-05-24 18:02:39 CEST][main] f.e:? - Found preferred client: STABLE
[ERROR 2020-05-24 18:02:39 CEST][main] f.fP:? - Disabling discord rich presence because connect took 977 ms.
[INFO 2020-05-24 18:02:40 CEST][main] f.ain:? - OpenGL vendor: Intel
[INFO 2020-05-24 18:02:40 CEST][main] f.ain:? - OpenGL renderer: Intel(R) HD Graphics 4400
[INFO 2020-05-24 18:02:40 CEST][main] f.ain:? - OpenGL version: 4.3.0 - Build 10.18.14.4080
[INFO 2020-05-24 18:02:40 CEST][main] f.ain:? - OpenGL extensions: GL_EXT_blend_minmax GL_EXT_blend_subtract GL_EXT_blend_color GL_EXT_abgr GL_EXT_texture3D GL_EXT_clip_volume_hint GL_EXT_compiled_vertex_array GL_SGIS_texture_edge_clamp GL_SGIS_generate_mipmap GL_EXT_draw_range_elements GL_SGIS_texture_lod GL_EXT_rescale_normal GL_EXT_packed_pixels GL_EXT_texture_edge_clamp GL_EXT_separate_specular_color GL_ARB_multitexture GL_ARB_map_buffer_alignment GL_ARB_conservative_depth GL_EXT_texture_env_combine GL_EXT_bgra GL_EXT_blend_func_separate GL_EXT_secondary_color GL_EXT_fog_coord GL_EXT_texture_env_add GL_ARB_texture_cube_map GL_ARB_transpose_matrix GL_ARB_internalformat_query GL_ARB_internalformat_query2 GL_ARB_texture_env_add GL_IBM_texture_mirrored_repeat GL_EXT_multi_draw_arrays GL_SUN_multi_draw_arrays GL_NV_blend_square GL_ARB_texture_compression GL_3DFX_texture_compression_FXT1 GL_EXT_texture_filter_anisotropic GL_ARB_texture_border_clamp GL_ARB_point_parameters GL_ARB_texture_env_combine GL_ARB_texture_env_dot3 GL_ARB_texture_env_crossbar GL_EXT_texture_compression_s3tc GL_ARB_shadow GL_ARB_window_pos GL_EXT_shadow_funcs GL_EXT_stencil_wrap GL_ARB_vertex_program GL_EXT_texture_rectangle GL_ARB_fragment_program GL_EXT_stencil_two_side GL_ATI_separate_stencil GL_ARB_vertex_buffer_object GL_EXT_texture_lod_bias GL_ARB_occlusion_query GL_ARB_fragment_shader GL_ARB_shader_objects GL_ARB_shading_language_100 GL_ARB_texture_non_power_of_two GL_ARB_vertex_shader GL_NV_texgen_reflection GL_ARB_point_sprite GL_ARB_fragment_program_shadow GL_EXT_blend_equation_separate GL_ARB_depth_texture GL_ARB_texture_rectangle GL_ARB_draw_buffers GL_ARB_color_buffer_float GL_ARB_half_float_pixel GL_ARB_texture_float GL_ARB_pixel_buffer_object GL_EXT_framebuffer_object GL_ARB_draw_instanced GL_ARB_half_float_vertex GL_ARB_occlusion_query2 GL_EXT_draw_buffers2 GL_WIN_swap_hint GL_EXT_texture_sRGB GL_ARB_multisample GL_EXT_packed_float GL_EXT_texture_shared_exponent GL_ARB_texture_rg GL_ARB_texture_compression_rgtc GL_NV_conditional_render GL_ARB_texture_swizzle GL_EXT_texture_swizzle GL_ARB_texture_gather GL_ARB_sync GL_ARB_cl_event GL_ARB_framebuffer_sRGB GL_EXT_packed_depth_stencil GL_ARB_depth_buffer_float GL_EXT_transform_feedback GL_ARB_transform_feedback2 GL_ARB_draw_indirect GL_EXT_framebuffer_blit GL_EXT_framebuffer_multisample GL_ARB_framebuffer_object GL_ARB_framebuffer_no_attachments GL_EXT_texture_array GL_EXT_texture_integer GL_ARB_map_buffer_range GL_ARB_texture_buffer_range GL_EXT_texture_snorm GL_ARB_blend_func_extended GL_INTEL_performance_queries GL_INTEL_performance_query GL_ARB_copy_buffer GL_ARB_sampler_objects GL_NV_primitive_restart GL_ARB_seamless_cube_map GL_ARB_uniform_buffer_object GL_ARB_depth_clamp GL_ARB_vertex_array_bgra GL_ARB_shader_bit_encoding GL_ARB_draw_buffers_blend GL_ARB_geometry_shader4 GL_EXT_geometry_shader4 GL_ARB_texture_query_lod GL_ARB_explicit_attrib_location GL_ARB_draw_elements_base_vertex GL_ARB_instanced_arrays GL_ARB_base_instance GL_ARB_fragment_coord_conventions GL_EXT_gpu_program_parameters GL_ARB_texture_buffer_object_rgb32 GL_ARB_compatibility GL_ARB_texture_rgb10_a2ui GL_ARB_texture_multisample GL_ARB_vertex_type_2_10_10_10_rev GL_ARB_timer_query GL_ARB_tessellation_shader GL_ARB_vertex_array_object GL_ARB_provoking_vertex GL_ARB_sample_shading GL_ARB_texture_cube_map_array GL_EXT_gpu_shader4 GL_ARB_gpu_shader5 GL_ARB_gpu_shader_fp64 GL_INTEL_fragment_shader_ordering GL_EXT_clip_control GL_ARB_shader_subroutine GL_ARB_transform_feedback3 GL_ARB_get_program_binary GL_ARB_separate_shader_objects GL_ARB_shader_precision GL_ARB_vertex_attrib_64bit GL_ARB_viewport_array GL_ARB_transform_feedback_instanced GL_ARB_compressed_texture_pixel_storage GL_ARB_shader_atomic_counters GL_ARB_shading_language_packing GL_ARB_shader_image_load_store GL_ARB_shading_language_420pack GL_ARB_texture_storage GL_EXT_texture_storage GL_ARB_compute_shader GL_ARB_vertex_attrib_binding GL_ARB_texture_view GL_ARB_fragment_layer_viewport GL_ARB_multi_draw_indirect GL_ARB_program_interface_query GL_ARB_shader_image_size GL_ARB_shader_storage_buffer_object GL_ARB_texture_storage_multisample GL_ARB_buffer_storage GL_AMD_vertex_shader_layer GL_AMD_vertex_shader_viewport_index GL_ARB_query_buffer_object GL_EXT_polygon_offset_clamp GL_ARB_debug_output GL_KHR_debug GL_ARB_arrays_of_arrays GL_ARB_texture_query_levels GL_ARB_invalidate_subdata GL_ARB_clear_buffer_object GL_ARB_texture_mirror_clamp_to_edge GL_INTEL_map_texture GL_ARB_texture_compression_bptc GL_ARB_ES2_compatibility GL_ARB_ES3_compatibility GL_ARB_robustness GL_ARB_robust_buffer_access_behavior GL_EXT_texture_sRGB_decode GL_ARB_copy_image GL_KHR_blend_equation_advanced GL_EXT_direct_state_access GL_ARB_stencil_texturing GL_ARB_texture_stencil8 GL_ARB_explicit_uniform_location 
[INFO 2020-05-24 18:02:40 CEST][main] f.ain:? - MSAA Max Samples Support: 8
[INFO 2020-05-24 18:02:40 CEST][main] f.ain:? - Max Texture Size: 16384
[INFO 2020-05-24 18:02:40 CEST][main] f.ain:? - Max Texture Image Units: 32
[INFO 2020-05-24 18:02:40 CEST][main] f.ain:? - Current Resolution: 1400 x 865
[INFO 2020-05-24 18:02:40 CEST][main] f.ain:? - Has Audio: com.badlogic.gdx.backends.lwjgl3.audio.OpenALAudio@5fdba6f9
[INFO 2020-05-24 18:02:40 CEST][main] f.ain:? - NDS Map Cache Enabled: true
[INFO 2020-05-24 18:02:40 CEST][main] f.ajF:? - Loading possible string container: strings_de.xml (Internal)
[INFO 2020-05-24 18:02:40 CEST][main] f.ajF:? - Loading possible string container: strings_en.xml (Internal)
[INFO 2020-05-24 18:02:40 CEST][main] f.ajF:? - Loading possible string container: strings_es.xml (Internal)
[INFO 2020-05-24 18:02:40 CEST][main] f.ajF:? - Loading possible string container: strings_fr.xml (Internal)
[INFO 2020-05-24 18:02:40 CEST][main] f.ajF:? - Loading possible string container: strings_it.xml (Internal)
[INFO 2020-05-24 18:02:40 CEST][main] f.ajF:? - Loading possible string container: strings_ja.xml (Internal)
[INFO 2020-05-24 18:02:40 CEST][main] f.ajF:? - Loading possible string container: strings_ko.xml (Internal)
[INFO 2020-05-24 18:02:40 CEST][main] f.ajF:? - Loading possible string container: strings_pt-BR.xml (Internal)
[INFO 2020-05-24 18:02:40 CEST][main] f.ajF:? - Loading possible string container: strings_pt.xml (Internal)
[INFO 2020-05-24 18:02:40 CEST][main] f.ajF:? - Loading possible string container: strings_zh.xml (Internal)
[INFO 2020-05-24 18:02:41 CEST][main] f.ago:? - Populating primary string container: en from data/strings/strings_en.xml (Internal)
[INFO 2020-05-24 18:02:41 CEST][main] f.MQ:? - Initializing ui viewport with 1400.0 x 865.0 // 1400 x 865 uiViewportScale: 1.0
[INFO 2020-05-24 18:02:41 CEST][main] f.ain:? - LWJGL version: 3.2.3 SNAPSHOT
[INFO 2020-05-24 18:02:41 CEST][main] f.ain:? - Software Renderer: false
[INFO 2020-05-24 18:02:41 CEST][main] f.Rt:? - Starting controller setup
[INFO 2020-05-24 18:02:41 CEST][main] f.MQ:? - Loading theme "default"
[INFO 2020-05-24 18:02:41 CEST][main] de.matthiasmann.twl.theme.ThemeManager:? - Generating Fonts...
[INFO 2020-05-24 18:02:41 CEST][ThreadPool-1] f.VC:? - Rom potential size 12
[INFO 2020-05-24 18:02:41 CEST][ThreadPool-1] f.ajN:? - Loaded GBA ROM BPRE v1.0
[INFO 2020-05-24 18:02:41 CEST][ThreadPool-1] f.VC:? - Loaded BPRE v1.0 as gba rom.
[INFO 2020-05-24 18:02:41 CEST][ThreadPool-1] f.ajN:? - Loaded GBA ROM BPEE v1.0
[INFO 2020-05-24 18:02:41 CEST][ThreadPool-1] f.VC:? - Loaded BPEE v1.0 as extended gba rom.
[INFO 2020-05-24 18:02:41 CEST][ThreadPool-1] f.agn:? - Loaded DS ROM POKEMON SS (IPGE)
[INFO 2020-05-24 18:02:41 CEST][ThreadPool-1] f.agn:? - Loaded DS ROM POKEMON B (IRBO)
[INFO 2020-05-24 18:02:41 CEST][ThreadPool-1] f.agn:? - Loaded DS ROM POKEMON PL (CPUE)
[INFO 2020-05-24 18:02:43 CEST][ThreadPool-1] f.ago:? - Populating primary string container: en from data/strings/strings_en.xml (Internal)
[INFO 2020-05-24 18:02:43 CEST][ThreadPool-1] f.VX:? - SSEQ Sample buffer size: 1280
[INFO 2020-05-24 18:02:43 CEST][ThreadPool-1] f.abQ:? - Possible mod resources.zip
[INFO 2020-05-24 18:02:43 CEST][ThreadPool-1] f.abQ:? - Loaded available mod 'PokeMMO Base Resources'
[INFO 2020-05-24 18:02:43 CEST][ThreadPool-1] f.abQ:? - Possible mod Battle Sprites DMG Icons V1.1.zip
[INFO 2020-05-24 18:02:43 CEST][ThreadPool-1] f.abQ:? - Loaded available mod 'Battle Sprites DMG Icons'
[INFO 2020-05-24 18:02:43 CEST][ThreadPool-1] f.abQ:? - Possible mod Battle_Sprites_Back_Normal.zip
[INFO 2020-05-24 18:02:43 CEST][ThreadPool-1] f.abQ:? - Loaded available mod 'Last Gen Battle Sprites (back/normal)'
[INFO 2020-05-24 18:02:43 CEST][ThreadPool-1] f.abQ:? - Possible mod Battle_Sprites_Back_Shiny.zip
[INFO 2020-05-24 18:02:43 CEST][main] de.matthiasmann.twl.theme.ThemeManager:? - Default font to 'alphabeta'
[INFO 2020-05-24 18:02:43 CEST][main] de.matthiasmann.twl.theme.ThemeManager:? - Generated fonts in 2273 ms.
[INFO 2020-05-24 18:02:43 CEST][ThreadPool-1] f.abQ:? - Loaded available mod 'Last Gen Battle Sprites (back/shiny)'
[INFO 2020-05-24 18:02:43 CEST][ThreadPool-1] f.abQ:? - Possible mod Battle_Sprites_Front_Normal.zip
[INFO 2020-05-24 18:02:43 CEST][ThreadPool-1] f.abQ:? - Loaded available mod 'Last Gen Battle Sprites (front/normal)'
[INFO 2020-05-24 18:02:43 CEST][ThreadPool-1] f.abQ:? - Possible mod Battle_Sprites_Front_Shiny.zip
[INFO 2020-05-24 18:02:44 CEST][ThreadPool-1] f.abQ:? - Loaded available mod 'Last Gen Battle Sprites (front/shiny)'
[INFO 2020-05-24 18:02:44 CEST][ThreadPool-1] f.abQ:? - Possible mod example_mod.zip
[INFO 2020-05-24 18:02:44 CEST][ThreadPool-1] f.abQ:? - Loaded available mod 'PokeMMO Example Mod'
[INFO 2020-05-24 18:02:44 CEST][ThreadPool-1] f.abQ:? - Possible mod HD Monster Icons.mod
[INFO 2020-05-24 18:02:44 CEST][ThreadPool-1] f.abQ:? - Loaded available mod 'HD Monster Icons'
[INFO 2020-05-24 18:02:44 CEST][ThreadPool-1] f.abQ:? - Possible mod RealCries.zip
[INFO 2020-05-24 18:02:44 CEST][ThreadPool-1] f.abQ:? - Loaded available mod 'Real PKMN Cries'
[INFO 2020-05-24 18:02:44 CEST][ThreadPool-1] f.abQ:? - HD Monster Icons.mod is enabled, applying.
[INFO 2020-05-24 18:02:44 CEST][ThreadPool-1] f.abQ:? - RealCries.zip is enabled, applying.
[INFO 2020-05-24 18:02:45 CEST][main] f.MQ:? - Loaded theme "default" in 3881
[INFO 2020-05-24 18:02:45 CEST][main] f.MQ:? - refreshing uix viewport with 1400.0 x 865.0 // 1400 x 865 uiViewportScale: 1.0
[INFO 2020-05-24 18:02:46 CEST][main] f.MQ:? - refreshing uix viewport with 1400.0 x 865.0 // 1400 x 865 uiViewportScale: 1.0
[INFO 2020-05-24 18:02:46 CEST][main] f.Tj:? - Loaded addons in 49 milliseconds
[ERROR 2020-05-24 18:02:48 CEST][main] f.mL:? - File cache extended limit
[WARN 2020-05-24 18:03:03 CEST][main] de.matthiasmann.twl.DialogLayout:? - Dialog layout has incomplete state
[INFO 2020-05-24 18:03:05 CEST][main] f.ahF:? - All ThreadPools are now stopped
[ERROR 2020-05-24 18:03:05 CEST][Thread-2] f.bt:? - Reading thread encountered an IOException
java.io.IOException: Stream Closed
	at java.io.RandomAccessFile.length(Native Method)
	at f.cOm7.lPt5(Unknown Source)
	at f.bt.I(Unknown Source)
	at java.lang.Thread.run(Unknown Source)
